{
  "RSpec": {
    "coverage": {
      "/Users/Nomi/coding/Projects/portfolio_blog/app/models/contact.rb": [
        null,
        null,
        1,
        1,
        1,
        1,
        1,
        null,
        1,
        null,
        null,
        null,
        null,
        0,
        null,
        null
      ],
      "/Users/Nomi/coding/Projects/portfolio_blog/app/models/pattern.rb": [
        null,
        null,
        1,
        1,
        1,
        null,
        1,
        null,
        null,
        null,
        null,
        1,
        1,
        1,
        null
      ],
      "/Users/Nomi/coding/Projects/portfolio_blog/app/models/photo.rb": [
        null,
        null,
        1,
        1,
        1,
        null,
        1,
        null,
        null,
        null,
        null,
        1,
        1,
        1,
        null
      ],
      "/Users/Nomi/coding/Projects/portfolio_blog/app/models/post.rb": [
        null,
        null,
        1,
        1,
        1,
        null,
        1,
        null,
        null,
        null,
        null,
        1,
        null,
        1,
        null
      ],
      "/Users/Nomi/coding/Projects/portfolio_blog/app/models/project.rb": [
        null,
        null,
        1,
        1,
        1,
        1,
        null,
        1,
        null,
        null,
        null,
        null,
        1,
        null
      ],
      "/Users/Nomi/coding/Projects/portfolio_blog/app/controllers/application_controller.rb": [
        null,
        null,
        1,
        null,
        null,
        1,
        null
      ],
      "/Users/Nomi/coding/Projects/portfolio_blog/app/controllers/welcome_controller.rb": [
        null,
        null,
        1,
        1,
        31,
        31,
        31,
        31,
        null,
        null
      ],
      "/Users/Nomi/coding/Projects/portfolio_blog/app/controllers/patterns_controller.rb": [
        null,
        null,
        1,
        1,
        1,
        null,
        1,
        0,
        null,
        null,
        1,
        null,
        1,
        1,
        null,
        null,
        1,
        null,
        1,
        1,
        null,
        1,
        1,
        null,
        0,
        null,
        null,
        null,
        1,
        0,
        0,
        null,
        0,
        null,
        null,
        null,
        1,
        0,
        0,
        null,
        null,
        1,
        null,
        1,
        1,
        null,
        null,
        1,
        1,
        null,
        null
      ],
      "/Users/Nomi/coding/Projects/portfolio_blog/app/controllers/photos_controller.rb": [
        null,
        null,
        1,
        1,
        1,
        null,
        1,
        0,
        null,
        null,
        1,
        null,
        1,
        1,
        null,
        null,
        1,
        null,
        1,
        1,
        null,
        1,
        1,
        null,
        0,
        null,
        null,
        null,
        1,
        0,
        0,
        null,
        0,
        null,
        null,
        null,
        1,
        0,
        0,
        null,
        null,
        1,
        null,
        1,
        1,
        null,
        null,
        1,
        1,
        null,
        null
      ],
      "/Users/Nomi/coding/Projects/portfolio_blog/app/controllers/posts_controller.rb": [
        null,
        null,
        1,
        1,
        1,
        null,
        1,
        2,
        null,
        null,
        1,
        14,
        null,
        null,
        1,
        7,
        null,
        7,
        7,
        null,
        0,
        null,
        null,
        null,
        1,
        null,
        1,
        null,
        1,
        1,
        1,
        null,
        0,
        null,
        null,
        null,
        1,
        1,
        1,
        null,
        null,
        1,
        null,
        1,
        8,
        null,
        null,
        1,
        13,
        null,
        null
      ],
      "/Users/Nomi/coding/Projects/portfolio_blog/app/controllers/projects_controller.rb": [
        null,
        null,
        1,
        1,
        1,
        null,
        1,
        1,
        null,
        null,
        1,
        3,
        null,
        null,
        1,
        3,
        null,
        3,
        3,
        null,
        0,
        null,
        null,
        null,
        1,
        null,
        1,
        null,
        1,
        1,
        1,
        null,
        0,
        null,
        null,
        null,
        1,
        1,
        1,
        null,
        null,
        1,
        null,
        1,
        9,
        null,
        null,
        1,
        4,
        null,
        null
      ],
      "/Users/Nomi/coding/Projects/portfolio_blog/app/controllers/about_controller.rb": [
        null,
        null,
        0,
        0,
        0
      ],
      "/Users/Nomi/coding/Projects/portfolio_blog/app/controllers/contacts_controller.rb": [
        null,
        null,
        0,
        0,
        0,
        0,
        null,
        0,
        0,
        0,
        0,
        0,
        0,
        0,
        0,
        0,
        0,
        0
      ],
      "/Users/Nomi/coding/Projects/portfolio_blog/app/helpers/application_helper.rb": [
        null,
        null,
        0,
        0,
        0,
        0,
        0,
        0,
        null,
        0,
        0,
        0,
        0,
        0,
        0,
        0,
        0,
        0,
        0,
        0,
        0,
        0,
        0
      ],
      "/Users/Nomi/coding/Projects/portfolio_blog/app/models/user.rb": [
        null,
        null,
        0,
        null,
        null,
        0,
        0,
        0,
        0,
        0,
        0,
        0
      ]
    },
    "timestamp": 1542234427
  }
}
